Device: cuda
Loading embeddings...
Train: 5608, Val: 1402
Warm-started from checkpoints_v6/best_vljepa_v6.pt
Epoch   1 | loss=0.4130 | R@1=0.4750 | R@5=0.7511 | cos=0.7114 | lr=5.00e-05
  -> New best cosine=0.7114
Epoch   2 | loss=0.4060 | R@1=0.4729 | R@5=0.7425 | cos=0.7066 | lr=5.00e-05
Epoch   3 | loss=0.4028 | R@1=0.4700 | R@5=0.7432 | cos=0.7030 | lr=5.00e-05
Epoch   4 | loss=0.4011 | R@1=0.4700 | R@5=0.7439 | cos=0.7046 | lr=5.00e-05
Epoch   5 | loss=0.3993 | R@1=0.4757 | R@5=0.7454 | cos=0.7056 | lr=5.00e-05
Epoch   6 | loss=0.3975 | R@1=0.4693 | R@5=0.7439 | cos=0.7055 | lr=5.00e-05
Epoch   7 | loss=0.3969 | R@1=0.4693 | R@5=0.7461 | cos=0.7059 | lr=4.99e-05
Epoch   8 | loss=0.3950 | R@1=0.4736 | R@5=0.7382 | cos=0.7045 | lr=4.99e-05
Epoch   9 | loss=0.3935 | R@1=0.4786 | R@5=0.7411 | cos=0.7053 | lr=4.99e-05
Epoch  10 | loss=0.3920 | R@1=0.4700 | R@5=0.7454 | cos=0.7060 | lr=4.99e-05
Epoch  11 | loss=0.3903 | R@1=0.4772 | R@5=0.7454 | cos=0.7059 | lr=4.98e-05
Epoch  12 | loss=0.3885 | R@1=0.4729 | R@5=0.7439 | cos=0.7057 | lr=4.98e-05
Epoch  13 | loss=0.3875 | R@1=0.4693 | R@5=0.7404 | cos=0.7070 | lr=4.98e-05
Epoch  14 | loss=0.3864 | R@1=0.4750 | R@5=0.7411 | cos=0.7058 | lr=4.97e-05
Epoch  15 | loss=0.3850 | R@1=0.4750 | R@5=0.7425 | cos=0.7055 | lr=4.97e-05
Epoch  16 | loss=0.3835 | R@1=0.4779 | R@5=0.7432 | cos=0.7068 | lr=4.97e-05
Epoch  17 | loss=0.3820 | R@1=0.4729 | R@5=0.7397 | cos=0.7059 | lr=4.96e-05
Epoch  18 | loss=0.3813 | R@1=0.4743 | R@5=0.7447 | cos=0.7060 | lr=4.96e-05
Epoch  19 | loss=0.3792 | R@1=0.4736 | R@5=0.7489 | cos=0.7056 | lr=4.95e-05
Epoch  20 | loss=0.3780 | R@1=0.4772 | R@5=0.7418 | cos=0.7067 | lr=4.95e-05
Epoch  21 | loss=0.3769 | R@1=0.4750 | R@5=0.7482 | cos=0.7066 | lr=4.94e-05
Epoch  22 | loss=0.3754 | R@1=0.4693 | R@5=0.7418 | cos=0.7063 | lr=4.94e-05
Epoch  23 | loss=0.3752 | R@1=0.4672 | R@5=0.7454 | cos=0.7072 | lr=4.93e-05
Epoch  24 | loss=0.3735 | R@1=0.4708 | R@5=0.7439 | cos=0.7065 | lr=4.92e-05
Epoch  25 | loss=0.3727 | R@1=0.4729 | R@5=0.7447 | cos=0.7064 | lr=4.92e-05
Epoch  26 | loss=0.3716 | R@1=0.4765 | R@5=0.7454 | cos=0.7069 | lr=4.91e-05
Epoch  27 | loss=0.3709 | R@1=0.4729 | R@5=0.7425 | cos=0.7069 | lr=4.90e-05
Epoch  28 | loss=0.3691 | R@1=0.4722 | R@5=0.7482 | cos=0.7059 | lr=4.90e-05
Epoch  29 | loss=0.3680 | R@1=0.4686 | R@5=0.7468 | cos=0.7078 | lr=4.89e-05
Epoch  30 | loss=0.3668 | R@1=0.4686 | R@5=0.7447 | cos=0.7063 | lr=4.88e-05
Epoch  31 | loss=0.3663 | R@1=0.4686 | R@5=0.7432 | cos=0.7075 | lr=4.87e-05
Epoch  32 | loss=0.3654 | R@1=0.4693 | R@5=0.7432 | cos=0.7066 | lr=4.86e-05
Epoch  33 | loss=0.3641 | R@1=0.4722 | R@5=0.7475 | cos=0.7082 | lr=4.86e-05
Epoch  34 | loss=0.3634 | R@1=0.4736 | R@5=0.7439 | cos=0.7070 | lr=4.85e-05
Epoch  35 | loss=0.3618 | R@1=0.4679 | R@5=0.7404 | cos=0.7072 | lr=4.84e-05
Epoch  36 | loss=0.3612 | R@1=0.4700 | R@5=0.7404 | cos=0.7080 | lr=4.83e-05
Epoch  37 | loss=0.3596 | R@1=0.4779 | R@5=0.7439 | cos=0.7061 | lr=4.82e-05
Epoch  38 | loss=0.3590 | R@1=0.4757 | R@5=0.7425 | cos=0.7072 | lr=4.81e-05
Epoch  39 | loss=0.3584 | R@1=0.4700 | R@5=0.7397 | cos=0.7080 | lr=4.80e-05
Epoch  40 | loss=0.3569 | R@1=0.4700 | R@5=0.7432 | cos=0.7068 | lr=4.79e-05
Epoch  41 | loss=0.3554 | R@1=0.4715 | R@5=0.7461 | cos=0.7082 | lr=4.78e-05
Epoch  42 | loss=0.3557 | R@1=0.4715 | R@5=0.7397 | cos=0.7070 | lr=4.77e-05
Epoch  43 | loss=0.3542 | R@1=0.4700 | R@5=0.7468 | cos=0.7071 | lr=4.76e-05
Epoch  44 | loss=0.3539 | R@1=0.4700 | R@5=0.7511 | cos=0.7073 | lr=4.74e-05
Epoch  45 | loss=0.3526 | R@1=0.4686 | R@5=0.7404 | cos=0.7078 | lr=4.73e-05
Epoch  46 | loss=0.3520 | R@1=0.4679 | R@5=0.7404 | cos=0.7072 | lr=4.72e-05
Epoch  47 | loss=0.3518 | R@1=0.4743 | R@5=0.7461 | cos=0.7080 | lr=4.71e-05
Epoch  48 | loss=0.3504 | R@1=0.4715 | R@5=0.7375 | cos=0.7081 | lr=4.70e-05
Epoch  49 | loss=0.3492 | R@1=0.4658 | R@5=0.7454 | cos=0.7071 | lr=4.68e-05
Epoch  50 | loss=0.3483 | R@1=0.4736 | R@5=0.7425 | cos=0.7078 | lr=4.67e-05
Epoch  51 | loss=0.3477 | R@1=0.4736 | R@5=0.7425 | cos=0.7063 | lr=4.66e-05
Epoch  52 | loss=0.3474 | R@1=0.4715 | R@5=0.7389 | cos=0.7091 | lr=4.65e-05
Epoch  53 | loss=0.3465 | R@1=0.4715 | R@5=0.7461 | cos=0.7079 | lr=4.63e-05
Epoch  54 | loss=0.3454 | R@1=0.4665 | R@5=0.7432 | cos=0.7076 | lr=4.62e-05
Epoch  55 | loss=0.3450 | R@1=0.4672 | R@5=0.7439 | cos=0.7078 | lr=4.60e-05
Epoch  56 | loss=0.3440 | R@1=0.4772 | R@5=0.7447 | cos=0.7092 | lr=4.59e-05
Epoch  57 | loss=0.3430 | R@1=0.4736 | R@5=0.7411 | cos=0.7078 | lr=4.58e-05
Epoch  58 | loss=0.3428 | R@1=0.4686 | R@5=0.7361 | cos=0.7081 | lr=4.56e-05
Epoch  59 | loss=0.3419 | R@1=0.4736 | R@5=0.7389 | cos=0.7087 | lr=4.55e-05
Epoch  60 | loss=0.3407 | R@1=0.4665 | R@5=0.7468 | cos=0.7074 | lr=4.53e-05
Epoch  61 | loss=0.3407 | R@1=0.4665 | R@5=0.7432 | cos=0.7071 | lr=4.52e-05
Early stop at epoch 61

Final best cosine=0.7114
